<?xml version="1.0" encoding="UTF-8"?>
<!-- Generated by org.testng.reporters.JUnitReportReporter -->
<testsuite hostname="LAPTOP-9H665UHE" failures="0" tests="2" name="com.Execution.Setting_TypeOfRoomsTest" time="10.419" errors="0" timestamp="2023-12-27T12:22:16 IST" skipped="0">
  <testcase classname="com.Execution.Setting_TypeOfRoomsTest" name="searchTest" time="9.169"/>
  <testcase classname="com.Execution.Setting_TypeOfRoomsTest" name="settingTest" time="1.250"/>
</testsuite> <!-- com.Execution.Setting_TypeOfRoomsTest -->
