<?xml version="1.0" encoding="UTF-8"?>
<!-- Generated by org.testng.reporters.JUnitReportReporter -->
<testsuite hostname="LAPTOP-9H665UHE" failures="0" tests="1" name="com.Execution.AdministrationStaffTest" time="12.759" errors="0" timestamp="2023-12-27T23:27:52 IST" skipped="0">
  <testcase classname="com.Execution.AdministrationStaffTest" name="exicute" time="12.759"/>
</testsuite> <!-- com.Execution.AdministrationStaffTest -->
