<?xml version="1.0" encoding="UTF-8"?>
<!-- Generated by org.testng.reporters.JUnitReportReporter -->
<testsuite hostname="LAPTOP-9H665UHE" failures="0" tests="2" name="com.Execution.Setting_TypeOfRoomsTest" time="8.936" errors="0" timestamp="2023-12-27T19:18:22 IST" skipped="0">
  <testcase classname="com.Execution.Setting_TypeOfRoomsTest" name="settingTest" time="2.451"/>
  <testcase classname="com.Execution.Setting_TypeOfRoomsTest" name="searchTest" time="6.485"/>
</testsuite> <!-- com.Execution.Setting_TypeOfRoomsTest -->
