<?xml version="1.0" encoding="UTF-8"?>
<!-- Generated by org.testng.reporters.JUnitReportReporter -->
<testsuite hostname="LAPTOP-9H665UHE" failures="0" tests="2" name="com.Execution.SettingPageTest" time="12.696" errors="0" timestamp="2023-12-21T15:01:30 IST" skipped="0">
  <testcase classname="com.Execution.SettingPageTest" name="searchTest" time="10.511"/>
  <testcase classname="com.Execution.SettingPageTest" name="settingTest" time="2.185"/>
</testsuite> <!-- com.Execution.SettingPageTest -->
