<?xml version="1.0" encoding="UTF-8"?>
<!-- Generated by org.testng.reporters.JUnitReportReporter -->
<testsuite hostname="LAPTOP-9H665UHE" failures="0" tests="1" name="com.Execution.LoginTest" time="2.050" errors="0" timestamp="2023-12-29T19:22:53 IST" skipped="0">
  <testcase classname="com.Execution.LoginTest" name="logging" time="2.050"/>
</testsuite> <!-- com.Execution.LoginTest -->
